<?xml version="1.0" encoding="UTF-8"?>
<!-- Generated by org.testng.reporters.JUnitXMLReporter -->
<testsuite hostname="DESKTOP-8JJVARI" name="Default test" tests="3" failures="0" timestamp="5 Aug 2022 10:46:16 GMT" time="27.177" errors="0">
  <testcase name="loginPage" time="12.662" classname="TestCasess.login"/>
  <testcase name="EmpModuleDislpayed" time="13.137" classname="TestCasess.login"/>
  <testcase name="isErrorMsgDisplayed" time="1.352" classname="TestCasess.login"/>
</testsuite> <!-- Default test -->
